


ARM Macro Assembler    Page 1 


    1 00000000         
    2 00000000 00000400 
                       Stack_Size
                               EQU              0x00000400
    3 00000000         
    4 00000000                 AREA             STACK, NOINIT, READWRITE, ALIGN
=3
    5 00000000         Stack_Mem
                               SPACE            Stack_Size
    6 00000400         __initial_sp
    7 00000400         
    8 00000400                 PRESERVE8
    9 00000400                 THUMB
   10 00000400         
   11 00000400         ; Vector Table Mapped to Address 0 at Reset
   12 00000400         
   13 00000400                 AREA             RESET, DATA, READONLY
   14 00000000                 EXPORT           __Vectors
   15 00000000                 EXPORT           __Vectors_End
   16 00000000                 EXPORT           __Vectors_Size
   17 00000000         
   18 00000000 00000000 
                       __Vectors
                               DCD              __initial_sp ; Top of Stack
   19 00000004 00000000        DCD              Reset_Handler ; Reset Handler
   20 00000008 00000000        DCD              NMI_Handler ; NMI Handler
   21 0000000C 00000000        DCD              HardFault_Handler ; Hard Fault 
                                                            Handler
   22 00000010 00000000        DCD              MemoryMngFault_Handler ; Memory
                                                            MngFault_Handler
   23 00000014 00000000        DCD              BusFault_Handler 
                                                            ; BusFault_Handler
   24 00000018 00000000        DCD              UsageFault_Handler ; UsageFault
                                                            _Handler
   25 0000001C 00000000        DCD              0           ; Reserved
   26 00000020 00000000        DCD              0           ; Reserved
   27 00000024 00000000        DCD              0           ; Reserved
   28 00000028 00000000        DCD              0           ; Reserved
   29 0000002C 00000000        DCD              SVCall_Handler ; SVCall Handler
                                                            
   30 00000030 00000000        DCD              0           ; Reserved
   31 00000034 00000000        DCD              0           ; Reserved
   32 00000038 00000000        DCD              PendSV_Handler ; PendSV Handler
                                                            
   33 0000003C 00000000        DCD              Systick_Handler 
                                                            ; SysTick Handler
   34 00000040 00000000        DCD              0           ; Reserved16
   35 00000044 00000000        DCD              0           ; Reserved17
   36 00000048 00000000        DCD              0           ; Reserved18
   37 0000004C 00000000        DCD              0           ; Reserved19
   38 00000050 00000000        DCD              0           ; Reserved20
   39 00000054 00000000        DCD              0           ; Reserved21
   40 00000058 00000000        DCD              0           ; Reserved22
   41 0000005C 00000000        DCD              0           ; Reserved23
   42 00000060 00000000        DCD              0           ; Reserved24
   43 00000064 00000000        DCD              0           ; Reserved25
   44 00000068 00000000        DCD              0           ; Reserved26
   45 0000006C 00000000        DCD              0           ; Reserved27
   46 00000070 00000000        DCD              0           ; Reserved28



ARM Macro Assembler    Page 2 


   47 00000074 00000000        DCD              0           ; Reserved29
   48 00000078 00000000        DCD              0           ; Reserved30
   49 0000007C 00000000        DCD              0           ; Reserved31
   50 00000080 00000000        DCD              0           ; Reserved32
   51 00000084 00000000        DCD              0           ; Reserved33
   52 00000088 00000000        DCD              0           ; Reserved34
   53 0000008C 00000000        DCD              0           ; Reserved35
   54 00000090 00000000        DCD              0           ; Reserved36
   55 00000094 00000000        DCD              0           ; Reserved37
   56 00000098 00000000        DCD              0
   57 0000009C 00000000        DCD              0
   58 000000A0 00000000        DCD              0
   59 000000A4 00000000        DCD              0
   60 000000A8 00000000        DCD              0
   61 000000AC 00000000        DCD              0
   62 000000B0 00000000        DCD              0
   63 000000B4 00000000        DCD              0
   64 000000B8 00000000        DCD              0
   65 000000BC 00000000        DCD              0
   66 000000C0 00000000        DCD              FT_IF0_Handler ; FT_IF0_Handler
                                                            
   67 000000C4 00000000        DCD              FT_IF1_Handler ; FT_IF1_Handler
                                                            
   68 000000C8 00000000        DCD              FT_IF2_Handler ; FT_IF2_Handler
                                                            
   69 000000CC 00000000        DCD              FT_IF3_Handler ; FT_IF3_Handler
                                                            
   70 000000D0 00000000        DCD              CLK_IF_Handler ; CLK_IF_Handler
                                                            
   71 000000D4 00000000        DCD              PVD_IF_Handler ; PVD_IF_Handler
                                                            
   72 000000D8 00000000        DCD              RTC_IF_Handler ; RTC_IF_Handler
                                                            
   73 000000DC 00000000        DCD              BKP_IF_Handler ; BKP_IF_Handler
                                                            
   74 000000E0 00000000        DCD              EXT_INTERROR0_Handler ; EXT_INT
                                                            ERROR0_Handler
   75 000000E4 00000000        DCD              EXT_INTERROR1_Handler ; EXT_INT
                                                            ERROR1_Handler
   76 000000E8 00000000        DCD              EXT_INTERROR2_Handler ; EXT_INT
                                                            ERROR2_Handler
   77 000000EC 00000000        DCD              EXT_INTERROR3_Handler ; EXT_INT
                                                            ERROR3_Handler
   78 000000F0 00000000        DCD              EXT_INTERROR4_Handler ; EXT_INT
                                                            ERROR4_Handler
   79 000000F4 00000000        DCD              EXT_INTERROR5_Handler ; EXT_INT
                                                            ERROR5_Handler
   80 000000F8 00000000        DCD              EXT_INTERROR6_Handler ; EXT_INT
                                                            ERROR6_Handler
   81 000000FC 00000000        DCD              EXT_INTERROR7_Handler ; EXT_INT
                                                            ERROR7_Handler
   82 00000100 00000000        DCD              IF_ERR_SCR_Handler ; IF_ERR_SCR
                                                            _Handler     
   83 00000104 00000000        DCD              IF_FIN_SCR_Handler ; IF_FIN_SCR
                                                            _Handler     
   84 00000108 00000000        DCD              DMA_ERR_Handler 
                                                            ; DMA_ERR_Handler 
   85 0000010C 00000000        DCD              DMA_DONE0_Handler ; DMA_DONE0_H
                                                            andler 



ARM Macro Assembler    Page 3 


   86 00000110 00000000        DCD              DMA_DONE1_Handler 
                                                            ; DMA_DONE1_Handler
                                                            
   87 00000114 00000000        DCD              DMA_DONE2_Handler ; DMA_DONE2_H
                                                            andler 
   88 00000118 00000000        DCD              DMA_DONE3_Handler ; DMA_DONE3_H
                                                            andler 
   89 0000011C 00000000        DCD              0           ; DMA_DONE4_Handler
                                                             
   90 00000120 00000000        DCD              0           ; DMA_DONE5_Handler
                                                             
   91 00000124 00000000        DCD              0           ; DMA_DONE6_Handler
                                                             
   92 00000128 00000000        DCD              0           ; DMA_DONE7_Handler
                                                             
   93 0000012C 00000000        DCD              0           ; DMA_DONE8_Handler
                                                             
   94 00000130 00000000        DCD              0           ; DMA_DONE9_Handler
                                                             
   95 00000134 00000000        DCD              0           ; DMA_DONE10_Handle
                                                            r 
   96 00000138 00000000        DCD              0           ; DMA_DONE11_Handle
                                                            r
   97 0000013C 00000000        DCD              0           ; DMA_DONE12_Handle
                                                            r 
   98 00000140 00000000        DCD              0           ; DMA_DONE13_Handle
                                                            r
   99 00000144 00000000        DCD              0           ; DMA_DONE14_Handle
                                                            r 
  100 00000148 00000000        DCD              0           ; DMA_DONE15_Handle
                                                            r 
  101 0000014C 00000000        DCD              0           ; DMA_DONE16_Handle
                                                            r 
  102 00000150 00000000        DCD              0           ; DMA_DONE17_Handle
                                                            r 
  103 00000154 00000000        DCD              0           ; DMA_DONE18_Handle
                                                            r 
  104 00000158 00000000        DCD              0           ; DMA_DONE19_Handle
                                                            r 
  105 0000015C 00000000        DCD              0           ; DMA_DONE20_Handle
                                                            r 
  106 00000160 00000000        DCD              0           ; DMA_DONE21_Handle
                                                            r 
  107 00000164 00000000        DCD              0           ; DMA_DONE22_Handle
                                                            r 
  108 00000168 00000000        DCD              0           ; DMA_DONE23_Handle
                                                            r
  109 0000016C 00000000        DCD              0           ; DMA_DONE24_Handle
                                                            r 
  110 00000170 00000000        DCD              0           ; DMA_DONE25_Handle
                                                            r
  111 00000174 00000000        DCD              0           ; DMA_DONE26_Handle
                                                            r 
  112 00000178 00000000        DCD              0           ; DMA_DONE27_Handle
                                                            r 
  113 0000017C 00000000        DCD              0           ; DMA_DONE28_Handle
                                                            r 
  114 00000180 00000000        DCD              0           ; DMA_DONE29_Handle
                                                            r 



ARM Macro Assembler    Page 4 


  115 00000184 00000000        DCD              0           ; DMA_DONE30_Handle
                                                            r 
  116 00000188 00000000        DCD              0           ; DMA_DONE31_Handle
                                                            r    
  117 0000018C 00000000        DCD              IRQ_PORTA_Handler ; IRQ_PORTA_H
                                                            andler     
  118 00000190 00000000        DCD              IRQ_PORTB_Handler 
                                                            ; IRQ_PORTB_Handler
                                                            
  119 00000194 00000000        DCD              IRQ_PORTC_Handler 
                                                            ; IRQ_PORTC_Handler
                                                            
  120 00000198 00000000        DCD              IRQ_PORTD_Handler 
                                                            ; IRQ_PORTD_Handler
                                                            
  121 0000019C 00000000        DCD              IRQ_PORTE_Handler 
                                                            ; IRQ_PORTE_Handler
                                                            
  122 000001A0 00000000        DCD              IRQ_PORTF_Handler 
                                                            ; IRQ_PORTF_Handler
                                                            
  123 000001A4 00000000        DCD              INT_ETH0_Handler 
                                                            ; INT_ETH0_Handler
  124 000001A8 00000000        DCD              INT_ETH1_Handler 
                                                            ; INT_ETH1_Handler 
                                                            
  125 000001AC 00000000        DCD              INT_SPW0_Handler 
                                                            ; INT_SPW0_Handler
  126 000001B0 00000000        DCD              INT_SPW1_Handler 
                                                            ; INT_SPW1_Handler
  127 000001B4 00000000        DCD              INT_TMR0_Handler 
                                                            ; INT_TMR0_Handler
  128 000001B8 00000000        DCD              INT_TMR1_Handler 
                                                            ; INT_TMR1_Handler
  129 000001BC 00000000        DCD              INT_TMR2_Handler 
                                                            ; INT_TMR2_Handler
  130 000001C0 00000000        DCD              INT_TMR3_Handler 
                                                            ; INT_TMR3_Handler
  131 000001C4 00000000        DCD              INT_TMR4_Handler 
                                                            ; INT_TMR4_Handler
  132 000001C8 00000000        DCD              INT_TMR5_Handler 
                                                            ; INT_TMR5_Handler
  133 000001CC 00000000        DCD              INT_CAN0_Handler 
                                                            ; INT_CAN0_Handler
  134 000001D0 00000000        DCD              INT_CAN1_Handler 
                                                            ; INT_CAN1_Handler
  135 000001D4 00000000        DCD              INT_CAN2_Handler 
                                                            ; INT_CAN2_Handler
  136 000001D8 00000000        DCD              INT_CAN3_Handler 
                                                            ; INT_CAN3_Handler
  137 000001DC 00000000        DCD              INT_CAN4_Handler ; INT_CAN4_Han
                                                            dler    
  138 000001E0 00000000        DCD              INT_SSP0_Handler 
                                                            ; INT_SSP0_Handler 
                                                            
  139 000001E4 00000000        DCD              INT_SSP1_Handler 
                                                            ; INT_SSP1_Handler
  140 000001E8 00000000        DCD              INT_SSP2_Handler 
                                                            ; INT_SSP2_Handler



ARM Macro Assembler    Page 5 


  141 000001EC 00000000        DCD              INT_SSP3_Handler 
                                                            ; INT_SSP3_Handler
  142 000001F0 00000000        DCD              INT_UART0_Handler 
                                                            ; INT_UART0_Handler
                                                            
  143 000001F4 00000000        DCD              INT_UART1_Handler 
                                                            ; INT_UART1_Handler
                                                            
  144 000001F8 00000000        DCD              INT_UART2_Handler 
                                                            ; INT_UART2_Handler
                                                            
  145 000001FC 00000000        DCD              INT_UART3_Handler 
                                                            ; INT_UART3_Handler
                                                            
  146 00000200 00000000        DCD              INT_USB_Handler 
                                                            ; INT_USB_Handler
  147 00000204 00000000        DCD              INT_RX_ARC0_Handler ; INT_RX_AR
                                                            C0_Handler
  148 00000208 00000000        DCD              INT_TX_ARC0_Handler ; INT_TX_AR
                                                            C0_Handler
  149 0000020C 00000000        DCD              INT_RX_ARC1_Handler ; INT_RX_AR
                                                            C1_Handler
  150 00000210 00000000        DCD              INT_TX_ARC1_Handler ; INT_TX_AR
                                                            C1_Handler
  151 00000214 00000000        DCD              INT_MIL0_Handler 
                                                            ; INT_MIL0_Handler
  152 00000218 00000000        DCD              INT_MIL1_Handler 
                                                            ; INT_MIL1_Handler
  153 0000021C 00000000        DCD              INT_ADC0_Handler 
                                                            ; INT_ADC0_Handler
  154 00000220 00000000        DCD              INT_ADC1_Handler 
                                                            ; INT_ADC1_Handler
  155 00000224 00000000        DCD              INT_DAC0_Handler 
                                                            ; INT_DAC0_Handler
  156 00000228 00000000        DCD              INT_DAC1_Handler ; INT_DAC1_Han
                                                            dler     
  157 0000022C 00000000        DCD              INT_CRYPTO_Handler ; INT_CRYPTO
                                                            _Handler 
  158 00000230 00000000        DCD              INT_CRC_Handler ; INT_CRC_Handl
                                                            er     
  159 00000234 00000000        DCD              INT_ECC_Handler ; INT_ECC_Handl
                                                            er        
  160 00000238         __Vectors_End
  161 00000238         
  162 00000238 00000238 
                       __Vectors_Size
                               EQU              __Vectors_End - __Vectors
  163 00000238         
  164 00000238                 AREA             |.text|, CODE, READONLY
  165 00000000         
  166 00000000         
  167 00000000         ; Reset Handler
  168 00000000         
  169 00000000         Reset_Handler
                               PROC
  170 00000000                 EXPORT           Reset_Handler   [WEAK]
  171 00000000                 IMPORT           __main
  172 00000000 4805            LDR              R0, =__main
  173 00000002 4700            BX               R0



ARM Macro Assembler    Page 6 


  174 00000004                 ENDP
  175 00000004         
  176 00000004         
  177 00000004         ; Dummy Exception Handlers (infinite loops which can be 
                       modified)                
  178 00000004         
  179 00000004         NMI_Handler
                               PROC
  180 00000004                 EXPORT           NMI_Handler     [WEAK]
  181 00000004 E7FE            B                .
  182 00000006                 ENDP
  183 00000006         
  184 00000006         HardFault_Handler
                               PROC
  185 00000006                 EXPORT           HardFault_Handler   [WEAK]
  186 00000006 E7FE            B                .
  187 00000008                 ENDP
  188 00000008         
  189 00000008         MemoryMngFault_Handler
                               PROC
  190 00000008                 EXPORT           MemoryMngFault_Handler  [WEAK]
  191 00000008 E7FE            B                .
  192 0000000A                 ENDP
  193 0000000A         
  194 0000000A         BusFault_Handler
                               PROC
  195 0000000A                 EXPORT           BusFault_Handler   [WEAK]
  196 0000000A E7FE            B                .
  197 0000000C                 ENDP
  198 0000000C         
  199 0000000C         UsageFault_Handler
                               PROC
  200 0000000C                 EXPORT           UsageFault_Handler   [WEAK]
  201 0000000C E7FE            B                .
  202 0000000E                 ENDP
  203 0000000E         
  204 0000000E         SVCall_Handler
                               PROC
  205 0000000E                 EXPORT           SVCall_Handler    [WEAK]
  206 0000000E E7FE            B                .
  207 00000010                 ENDP
  208 00000010         
  209 00000010         PendSV_Handler
                               PROC
  210 00000010                 EXPORT           PendSV_Handler    [WEAK]
  211 00000010 E7FE            B                .
  212 00000012                 ENDP
  213 00000012         
  214 00000012         Systick_Handler
                               PROC
  215 00000012                 EXPORT           Systick_Handler    [WEAK]
  216 00000012 E7FE            B                .
  217 00000014                 ENDP
  218 00000014         
  219 00000014         Default_Handler
                               PROC
  220 00000014         
  221 00000014                 EXPORT           FT_IF0_Handler    [WEAK]
  222 00000014                 EXPORT           FT_IF1_Handler    [WEAK]



ARM Macro Assembler    Page 7 


  223 00000014                 EXPORT           FT_IF2_Handler    [WEAK]
  224 00000014                 EXPORT           FT_IF3_Handler    [WEAK]
  225 00000014                 EXPORT           CLK_IF_Handler    [WEAK]
  226 00000014                 EXPORT           PVD_IF_Handler    [WEAK]
  227 00000014                 EXPORT           RTC_IF_Handler    [WEAK]
  228 00000014                 EXPORT           BKP_IF_Handler    [WEAK]
  229 00000014                 EXPORT           EXT_INTERROR0_Handler  [WEAK]
  230 00000014                 EXPORT           EXT_INTERROR1_Handler  [WEAK]
  231 00000014                 EXPORT           EXT_INTERROR2_Handler  [WEAK]
  232 00000014                 EXPORT           EXT_INTERROR3_Handler  [WEAK]
  233 00000014                 EXPORT           EXT_INTERROR4_Handler  [WEAK]
  234 00000014                 EXPORT           EXT_INTERROR5_Handler  [WEAK]
  235 00000014                 EXPORT           EXT_INTERROR6_Handler  [WEAK]
  236 00000014                 EXPORT           EXT_INTERROR7_Handler  [WEAK]
  237 00000014                 EXPORT           IF_ERR_SCR_Handler   [WEAK]
  238 00000014                 EXPORT           IF_FIN_SCR_Handler   [WEAK]
  239 00000014                 EXPORT           DMA_ERR_Handler    [WEAK]
  240 00000014                 EXPORT           DMA_DONE0_Handler   [WEAK]
  241 00000014                 EXPORT           DMA_DONE1_Handler   [WEAK]
  242 00000014                 EXPORT           DMA_DONE2_Handler   [WEAK]
  243 00000014                 EXPORT           DMA_DONE3_Handler   [WEAK]
  244 00000014                 EXPORT           IRQ_PORTA_Handler   [WEAK]
  245 00000014                 EXPORT           IRQ_PORTB_Handler   [WEAK]
  246 00000014                 EXPORT           IRQ_PORTC_Handler   [WEAK]
  247 00000014                 EXPORT           IRQ_PORTD_Handler   [WEAK]
  248 00000014                 EXPORT           IRQ_PORTE_Handler   [WEAK]
  249 00000014                 EXPORT           IRQ_PORTF_Handler   [WEAK]
  250 00000014                 EXPORT           INT_ETH0_Handler   [WEAK]
  251 00000014                 EXPORT           INT_ETH1_Handler   [WEAK]
  252 00000014                 EXPORT           INT_SPW0_Handler   [WEAK]
  253 00000014                 EXPORT           INT_SPW1_Handler   [WEAK]
  254 00000014                 EXPORT           INT_TMR0_Handler   [WEAK]
  255 00000014                 EXPORT           INT_TMR1_Handler   [WEAK]
  256 00000014                 EXPORT           INT_TMR2_Handler   [WEAK]
  257 00000014                 EXPORT           INT_TMR3_Handler   [WEAK]
  258 00000014                 EXPORT           INT_TMR4_Handler   [WEAK]
  259 00000014                 EXPORT           INT_TMR5_Handler   [WEAK]
  260 00000014                 EXPORT           INT_CAN0_Handler   [WEAK]
  261 00000014                 EXPORT           INT_CAN1_Handler   [WEAK]
  262 00000014                 EXPORT           INT_CAN2_Handler   [WEAK]
  263 00000014                 EXPORT           INT_CAN3_Handler   [WEAK]
  264 00000014                 EXPORT           INT_CAN4_Handler   [WEAK]
  265 00000014                 EXPORT           INT_SSP0_Handler   [WEAK]
  266 00000014                 EXPORT           INT_SSP1_Handler   [WEAK]
  267 00000014                 EXPORT           INT_SSP2_Handler   [WEAK]
  268 00000014                 EXPORT           INT_SSP3_Handler   [WEAK]
  269 00000014                 EXPORT           INT_UART0_Handler   [WEAK]
  270 00000014                 EXPORT           INT_UART1_Handler   [WEAK]
  271 00000014                 EXPORT           INT_UART2_Handler   [WEAK]
  272 00000014                 EXPORT           INT_UART3_Handler   [WEAK]
  273 00000014                 EXPORT           INT_USB_Handler    [WEAK]
  274 00000014                 EXPORT           INT_RX_ARC0_Handler   [WEAK]
  275 00000014                 EXPORT           INT_TX_ARC0_Handler   [WEAK]
  276 00000014                 EXPORT           INT_RX_ARC1_Handler   [WEAK]
  277 00000014                 EXPORT           INT_TX_ARC1_Handler   [WEAK]
  278 00000014                 EXPORT           INT_MIL0_Handler   [WEAK]
  279 00000014                 EXPORT           INT_MIL1_Handler   [WEAK]
  280 00000014                 EXPORT           INT_ADC0_Handler   [WEAK]
  281 00000014                 EXPORT           INT_ADC1_Handler   [WEAK]



ARM Macro Assembler    Page 8 


  282 00000014                 EXPORT           INT_DAC0_Handler   [WEAK]
  283 00000014                 EXPORT           INT_DAC1_Handler   [WEAK]
  284 00000014                 EXPORT           INT_CRYPTO_Handler   [WEAK]
  285 00000014                 EXPORT           INT_CRC_Handler    [WEAK]
  286 00000014                 EXPORT           INT_ECC_Handler    [WEAK]
  287 00000014         
  288 00000014         FT_IF0_Handler
  289 00000014         FT_IF1_Handler
  290 00000014         FT_IF2_Handler
  291 00000014         FT_IF3_Handler
  292 00000014         CLK_IF_Handler
  293 00000014         PVD_IF_Handler
  294 00000014         RTC_IF_Handler
  295 00000014         BKP_IF_Handler
  296 00000014         EXT_INTERROR0_Handler
  297 00000014         EXT_INTERROR1_Handler
  298 00000014         EXT_INTERROR2_Handler
  299 00000014         EXT_INTERROR3_Handler
  300 00000014         EXT_INTERROR4_Handler
  301 00000014         EXT_INTERROR5_Handler
  302 00000014         EXT_INTERROR6_Handler
  303 00000014         EXT_INTERROR7_Handler
  304 00000014         IF_ERR_SCR_Handler
  305 00000014         IF_FIN_SCR_Handler
  306 00000014         DMA_ERR_Handler
  307 00000014         DMA_DONE0_Handler
  308 00000014         DMA_DONE1_Handler
  309 00000014         DMA_DONE2_Handler
  310 00000014         DMA_DONE3_Handler
  311 00000014         IRQ_PORTA_Handler
  312 00000014         IRQ_PORTB_Handler
  313 00000014         IRQ_PORTC_Handler
  314 00000014         IRQ_PORTD_Handler
  315 00000014         IRQ_PORTE_Handler
  316 00000014         IRQ_PORTF_Handler
  317 00000014         INT_ETH0_Handler
  318 00000014         INT_ETH1_Handler
  319 00000014         INT_SPW0_Handler
  320 00000014         INT_SPW1_Handler
  321 00000014         INT_TMR0_Handler
  322 00000014         INT_TMR1_Handler
  323 00000014         INT_TMR2_Handler
  324 00000014         INT_TMR3_Handler
  325 00000014         INT_TMR4_Handler
  326 00000014         INT_TMR5_Handler
  327 00000014         INT_CAN0_Handler
  328 00000014         INT_CAN1_Handler
  329 00000014         INT_CAN2_Handler
  330 00000014         INT_CAN3_Handler
  331 00000014         INT_CAN4_Handler
  332 00000014         INT_SSP0_Handler
  333 00000014         INT_SSP1_Handler
  334 00000014         INT_SSP2_Handler
  335 00000014         INT_SSP3_Handler
  336 00000014         INT_UART0_Handler
  337 00000014         INT_UART1_Handler
  338 00000014         INT_UART2_Handler
  339 00000014         INT_UART3_Handler
  340 00000014         INT_USB_Handler



ARM Macro Assembler    Page 9 


  341 00000014         INT_RX_ARC0_Handler
  342 00000014         INT_TX_ARC0_Handler
  343 00000014         INT_RX_ARC1_Handler
  344 00000014         INT_TX_ARC1_Handler
  345 00000014         INT_MIL0_Handler
  346 00000014         INT_MIL1_Handler
  347 00000014         INT_ADC0_Handler
  348 00000014         INT_ADC1_Handler
  349 00000014         INT_DAC0_Handler
  350 00000014         INT_DAC1_Handler
  351 00000014         INT_CRYPTO_Handler
  352 00000014         INT_CRC_Handler
  353 00000014         INT_ECC_Handler
  354 00000014 E7FE            B                .
  355 00000016 BF00            NOP
  356 00000018                 ENDP
  357 00000018         
  358 00000018                 EXPORT           __initial_sp
  359 00000018         
  360 00000018         ;    AREA    RAM_VECT, DATA, READWRITE, ALIGN=10
  361 00000018         ;Ram_Vectors     SPACE   __Vectors_Size
  362 00000018         ;    EXPORT  Ram_Vectors
  363 00000018         
  364 00000018                 END
              00000000 
Command Line: --debug --xref --diag_suppress=9931 --cpu=Cortex-M4 --apcs=interw
ork --depend=.\objects\startup_1986ve8t.d -o.\objects\startup_1986ve8t.o -I.\RT
E\_Target_1 -IE:\keil\Packs\Keil\MDR1986VE8T\0.4.1\Libraries\CMSIS\CM4\DeviceSu
pport\MDR32F8\inc -IE:\keil\keil\ARM\CMSIS\Include --predefine="__EVAL SETA 1" 
--predefine="__UVISION_VERSION SETA 527" --predefine="USE_MDR32F8 SETA 1" --lis
t=.\listings\startup_1986ve8t.lst src\startup_1986ve8t.s



ARM Macro Assembler    Page 1 Alphabetic symbol ordering
Relocatable symbols

STACK 00000000

Symbol: STACK
   Definitions
      At line 4 in file src\startup_1986ve8t.s
   Uses
      None
Comment: STACK unused
Stack_Mem 00000000

Symbol: Stack_Mem
   Definitions
      At line 5 in file src\startup_1986ve8t.s
   Uses
      None
Comment: Stack_Mem unused
__initial_sp 00000400

Symbol: __initial_sp
   Definitions
      At line 6 in file src\startup_1986ve8t.s
   Uses
      At line 18 in file src\startup_1986ve8t.s
      At line 358 in file src\startup_1986ve8t.s

3 symbols



ARM Macro Assembler    Page 1 Alphabetic symbol ordering
Relocatable symbols

RESET 00000000

Symbol: RESET
   Definitions
      At line 13 in file src\startup_1986ve8t.s
   Uses
      None
Comment: RESET unused
__Vectors 00000000

Symbol: __Vectors
   Definitions
      At line 18 in file src\startup_1986ve8t.s
   Uses
      At line 14 in file src\startup_1986ve8t.s
      At line 162 in file src\startup_1986ve8t.s

__Vectors_End 00000238

Symbol: __Vectors_End
   Definitions
      At line 160 in file src\startup_1986ve8t.s
   Uses
      At line 15 in file src\startup_1986ve8t.s
      At line 162 in file src\startup_1986ve8t.s

3 symbols



ARM Macro Assembler    Page 1 Alphabetic symbol ordering
Relocatable symbols

.text 00000000

Symbol: .text
   Definitions
      At line 164 in file src\startup_1986ve8t.s
   Uses
      None
Comment: .text unused
BKP_IF_Handler 00000014

Symbol: BKP_IF_Handler
   Definitions
      At line 295 in file src\startup_1986ve8t.s
   Uses
      At line 73 in file src\startup_1986ve8t.s
      At line 228 in file src\startup_1986ve8t.s

BusFault_Handler 0000000A

Symbol: BusFault_Handler
   Definitions
      At line 194 in file src\startup_1986ve8t.s
   Uses
      At line 23 in file src\startup_1986ve8t.s
      At line 195 in file src\startup_1986ve8t.s

CLK_IF_Handler 00000014

Symbol: CLK_IF_Handler
   Definitions
      At line 292 in file src\startup_1986ve8t.s
   Uses
      At line 70 in file src\startup_1986ve8t.s
      At line 225 in file src\startup_1986ve8t.s

DMA_DONE0_Handler 00000014

Symbol: DMA_DONE0_Handler
   Definitions
      At line 307 in file src\startup_1986ve8t.s
   Uses
      At line 85 in file src\startup_1986ve8t.s
      At line 240 in file src\startup_1986ve8t.s

DMA_DONE1_Handler 00000014

Symbol: DMA_DONE1_Handler
   Definitions
      At line 308 in file src\startup_1986ve8t.s
   Uses
      At line 86 in file src\startup_1986ve8t.s
      At line 241 in file src\startup_1986ve8t.s

DMA_DONE2_Handler 00000014

Symbol: DMA_DONE2_Handler
   Definitions
      At line 309 in file src\startup_1986ve8t.s
   Uses



ARM Macro Assembler    Page 2 Alphabetic symbol ordering
Relocatable symbols

      At line 87 in file src\startup_1986ve8t.s
      At line 242 in file src\startup_1986ve8t.s

DMA_DONE3_Handler 00000014

Symbol: DMA_DONE3_Handler
   Definitions
      At line 310 in file src\startup_1986ve8t.s
   Uses
      At line 88 in file src\startup_1986ve8t.s
      At line 243 in file src\startup_1986ve8t.s

DMA_ERR_Handler 00000014

Symbol: DMA_ERR_Handler
   Definitions
      At line 306 in file src\startup_1986ve8t.s
   Uses
      At line 84 in file src\startup_1986ve8t.s
      At line 239 in file src\startup_1986ve8t.s

Default_Handler 00000014

Symbol: Default_Handler
   Definitions
      At line 219 in file src\startup_1986ve8t.s
   Uses
      None
Comment: Default_Handler unused
EXT_INTERROR0_Handler 00000014

Symbol: EXT_INTERROR0_Handler
   Definitions
      At line 296 in file src\startup_1986ve8t.s
   Uses
      At line 74 in file src\startup_1986ve8t.s
      At line 229 in file src\startup_1986ve8t.s

EXT_INTERROR1_Handler 00000014

Symbol: EXT_INTERROR1_Handler
   Definitions
      At line 297 in file src\startup_1986ve8t.s
   Uses
      At line 75 in file src\startup_1986ve8t.s
      At line 230 in file src\startup_1986ve8t.s

EXT_INTERROR2_Handler 00000014

Symbol: EXT_INTERROR2_Handler
   Definitions
      At line 298 in file src\startup_1986ve8t.s
   Uses
      At line 76 in file src\startup_1986ve8t.s
      At line 231 in file src\startup_1986ve8t.s

EXT_INTERROR3_Handler 00000014

Symbol: EXT_INTERROR3_Handler



ARM Macro Assembler    Page 3 Alphabetic symbol ordering
Relocatable symbols

   Definitions
      At line 299 in file src\startup_1986ve8t.s
   Uses
      At line 77 in file src\startup_1986ve8t.s
      At line 232 in file src\startup_1986ve8t.s

EXT_INTERROR4_Handler 00000014

Symbol: EXT_INTERROR4_Handler
   Definitions
      At line 300 in file src\startup_1986ve8t.s
   Uses
      At line 78 in file src\startup_1986ve8t.s
      At line 233 in file src\startup_1986ve8t.s

EXT_INTERROR5_Handler 00000014

Symbol: EXT_INTERROR5_Handler
   Definitions
      At line 301 in file src\startup_1986ve8t.s
   Uses
      At line 79 in file src\startup_1986ve8t.s
      At line 234 in file src\startup_1986ve8t.s

EXT_INTERROR6_Handler 00000014

Symbol: EXT_INTERROR6_Handler
   Definitions
      At line 302 in file src\startup_1986ve8t.s
   Uses
      At line 80 in file src\startup_1986ve8t.s
      At line 235 in file src\startup_1986ve8t.s

EXT_INTERROR7_Handler 00000014

Symbol: EXT_INTERROR7_Handler
   Definitions
      At line 303 in file src\startup_1986ve8t.s
   Uses
      At line 81 in file src\startup_1986ve8t.s
      At line 236 in file src\startup_1986ve8t.s

FT_IF0_Handler 00000014

Symbol: FT_IF0_Handler
   Definitions
      At line 288 in file src\startup_1986ve8t.s
   Uses
      At line 66 in file src\startup_1986ve8t.s
      At line 221 in file src\startup_1986ve8t.s

FT_IF1_Handler 00000014

Symbol: FT_IF1_Handler
   Definitions
      At line 289 in file src\startup_1986ve8t.s
   Uses
      At line 67 in file src\startup_1986ve8t.s
      At line 222 in file src\startup_1986ve8t.s



ARM Macro Assembler    Page 4 Alphabetic symbol ordering
Relocatable symbols


FT_IF2_Handler 00000014

Symbol: FT_IF2_Handler
   Definitions
      At line 290 in file src\startup_1986ve8t.s
   Uses
      At line 68 in file src\startup_1986ve8t.s
      At line 223 in file src\startup_1986ve8t.s

FT_IF3_Handler 00000014

Symbol: FT_IF3_Handler
   Definitions
      At line 291 in file src\startup_1986ve8t.s
   Uses
      At line 69 in file src\startup_1986ve8t.s
      At line 224 in file src\startup_1986ve8t.s

HardFault_Handler 00000006

Symbol: HardFault_Handler
   Definitions
      At line 184 in file src\startup_1986ve8t.s
   Uses
      At line 21 in file src\startup_1986ve8t.s
      At line 185 in file src\startup_1986ve8t.s

IF_ERR_SCR_Handler 00000014

Symbol: IF_ERR_SCR_Handler
   Definitions
      At line 304 in file src\startup_1986ve8t.s
   Uses
      At line 82 in file src\startup_1986ve8t.s
      At line 237 in file src\startup_1986ve8t.s

IF_FIN_SCR_Handler 00000014

Symbol: IF_FIN_SCR_Handler
   Definitions
      At line 305 in file src\startup_1986ve8t.s
   Uses
      At line 83 in file src\startup_1986ve8t.s
      At line 238 in file src\startup_1986ve8t.s

INT_ADC0_Handler 00000014

Symbol: INT_ADC0_Handler
   Definitions
      At line 347 in file src\startup_1986ve8t.s
   Uses
      At line 153 in file src\startup_1986ve8t.s
      At line 280 in file src\startup_1986ve8t.s

INT_ADC1_Handler 00000014

Symbol: INT_ADC1_Handler
   Definitions



ARM Macro Assembler    Page 5 Alphabetic symbol ordering
Relocatable symbols

      At line 348 in file src\startup_1986ve8t.s
   Uses
      At line 154 in file src\startup_1986ve8t.s
      At line 281 in file src\startup_1986ve8t.s

INT_CAN0_Handler 00000014

Symbol: INT_CAN0_Handler
   Definitions
      At line 327 in file src\startup_1986ve8t.s
   Uses
      At line 133 in file src\startup_1986ve8t.s
      At line 260 in file src\startup_1986ve8t.s

INT_CAN1_Handler 00000014

Symbol: INT_CAN1_Handler
   Definitions
      At line 328 in file src\startup_1986ve8t.s
   Uses
      At line 134 in file src\startup_1986ve8t.s
      At line 261 in file src\startup_1986ve8t.s

INT_CAN2_Handler 00000014

Symbol: INT_CAN2_Handler
   Definitions
      At line 329 in file src\startup_1986ve8t.s
   Uses
      At line 135 in file src\startup_1986ve8t.s
      At line 262 in file src\startup_1986ve8t.s

INT_CAN3_Handler 00000014

Symbol: INT_CAN3_Handler
   Definitions
      At line 330 in file src\startup_1986ve8t.s
   Uses
      At line 136 in file src\startup_1986ve8t.s
      At line 263 in file src\startup_1986ve8t.s

INT_CAN4_Handler 00000014

Symbol: INT_CAN4_Handler
   Definitions
      At line 331 in file src\startup_1986ve8t.s
   Uses
      At line 137 in file src\startup_1986ve8t.s
      At line 264 in file src\startup_1986ve8t.s

INT_CRC_Handler 00000014

Symbol: INT_CRC_Handler
   Definitions
      At line 352 in file src\startup_1986ve8t.s
   Uses
      At line 158 in file src\startup_1986ve8t.s
      At line 285 in file src\startup_1986ve8t.s




ARM Macro Assembler    Page 6 Alphabetic symbol ordering
Relocatable symbols

INT_CRYPTO_Handler 00000014

Symbol: INT_CRYPTO_Handler
   Definitions
      At line 351 in file src\startup_1986ve8t.s
   Uses
      At line 157 in file src\startup_1986ve8t.s
      At line 284 in file src\startup_1986ve8t.s

INT_DAC0_Handler 00000014

Symbol: INT_DAC0_Handler
   Definitions
      At line 349 in file src\startup_1986ve8t.s
   Uses
      At line 155 in file src\startup_1986ve8t.s
      At line 282 in file src\startup_1986ve8t.s

INT_DAC1_Handler 00000014

Symbol: INT_DAC1_Handler
   Definitions
      At line 350 in file src\startup_1986ve8t.s
   Uses
      At line 156 in file src\startup_1986ve8t.s
      At line 283 in file src\startup_1986ve8t.s

INT_ECC_Handler 00000014

Symbol: INT_ECC_Handler
   Definitions
      At line 353 in file src\startup_1986ve8t.s
   Uses
      At line 159 in file src\startup_1986ve8t.s
      At line 286 in file src\startup_1986ve8t.s

INT_ETH0_Handler 00000014

Symbol: INT_ETH0_Handler
   Definitions
      At line 317 in file src\startup_1986ve8t.s
   Uses
      At line 123 in file src\startup_1986ve8t.s
      At line 250 in file src\startup_1986ve8t.s

INT_ETH1_Handler 00000014

Symbol: INT_ETH1_Handler
   Definitions
      At line 318 in file src\startup_1986ve8t.s
   Uses
      At line 124 in file src\startup_1986ve8t.s
      At line 251 in file src\startup_1986ve8t.s

INT_MIL0_Handler 00000014

Symbol: INT_MIL0_Handler
   Definitions
      At line 345 in file src\startup_1986ve8t.s



ARM Macro Assembler    Page 7 Alphabetic symbol ordering
Relocatable symbols

   Uses
      At line 151 in file src\startup_1986ve8t.s
      At line 278 in file src\startup_1986ve8t.s

INT_MIL1_Handler 00000014

Symbol: INT_MIL1_Handler
   Definitions
      At line 346 in file src\startup_1986ve8t.s
   Uses
      At line 152 in file src\startup_1986ve8t.s
      At line 279 in file src\startup_1986ve8t.s

INT_RX_ARC0_Handler 00000014

Symbol: INT_RX_ARC0_Handler
   Definitions
      At line 341 in file src\startup_1986ve8t.s
   Uses
      At line 147 in file src\startup_1986ve8t.s
      At line 274 in file src\startup_1986ve8t.s

INT_RX_ARC1_Handler 00000014

Symbol: INT_RX_ARC1_Handler
   Definitions
      At line 343 in file src\startup_1986ve8t.s
   Uses
      At line 149 in file src\startup_1986ve8t.s
      At line 276 in file src\startup_1986ve8t.s

INT_SPW0_Handler 00000014

Symbol: INT_SPW0_Handler
   Definitions
      At line 319 in file src\startup_1986ve8t.s
   Uses
      At line 125 in file src\startup_1986ve8t.s
      At line 252 in file src\startup_1986ve8t.s

INT_SPW1_Handler 00000014

Symbol: INT_SPW1_Handler
   Definitions
      At line 320 in file src\startup_1986ve8t.s
   Uses
      At line 126 in file src\startup_1986ve8t.s
      At line 253 in file src\startup_1986ve8t.s

INT_SSP0_Handler 00000014

Symbol: INT_SSP0_Handler
   Definitions
      At line 332 in file src\startup_1986ve8t.s
   Uses
      At line 138 in file src\startup_1986ve8t.s
      At line 265 in file src\startup_1986ve8t.s

INT_SSP1_Handler 00000014



ARM Macro Assembler    Page 8 Alphabetic symbol ordering
Relocatable symbols


Symbol: INT_SSP1_Handler
   Definitions
      At line 333 in file src\startup_1986ve8t.s
   Uses
      At line 139 in file src\startup_1986ve8t.s
      At line 266 in file src\startup_1986ve8t.s

INT_SSP2_Handler 00000014

Symbol: INT_SSP2_Handler
   Definitions
      At line 334 in file src\startup_1986ve8t.s
   Uses
      At line 140 in file src\startup_1986ve8t.s
      At line 267 in file src\startup_1986ve8t.s

INT_SSP3_Handler 00000014

Symbol: INT_SSP3_Handler
   Definitions
      At line 335 in file src\startup_1986ve8t.s
   Uses
      At line 141 in file src\startup_1986ve8t.s
      At line 268 in file src\startup_1986ve8t.s

INT_TMR0_Handler 00000014

Symbol: INT_TMR0_Handler
   Definitions
      At line 321 in file src\startup_1986ve8t.s
   Uses
      At line 127 in file src\startup_1986ve8t.s
      At line 254 in file src\startup_1986ve8t.s

INT_TMR1_Handler 00000014

Symbol: INT_TMR1_Handler
   Definitions
      At line 322 in file src\startup_1986ve8t.s
   Uses
      At line 128 in file src\startup_1986ve8t.s
      At line 255 in file src\startup_1986ve8t.s

INT_TMR2_Handler 00000014

Symbol: INT_TMR2_Handler
   Definitions
      At line 323 in file src\startup_1986ve8t.s
   Uses
      At line 129 in file src\startup_1986ve8t.s
      At line 256 in file src\startup_1986ve8t.s

INT_TMR3_Handler 00000014

Symbol: INT_TMR3_Handler
   Definitions
      At line 324 in file src\startup_1986ve8t.s
   Uses



ARM Macro Assembler    Page 9 Alphabetic symbol ordering
Relocatable symbols

      At line 130 in file src\startup_1986ve8t.s
      At line 257 in file src\startup_1986ve8t.s

INT_TMR4_Handler 00000014

Symbol: INT_TMR4_Handler
   Definitions
      At line 325 in file src\startup_1986ve8t.s
   Uses
      At line 131 in file src\startup_1986ve8t.s
      At line 258 in file src\startup_1986ve8t.s

INT_TMR5_Handler 00000014

Symbol: INT_TMR5_Handler
   Definitions
      At line 326 in file src\startup_1986ve8t.s
   Uses
      At line 132 in file src\startup_1986ve8t.s
      At line 259 in file src\startup_1986ve8t.s

INT_TX_ARC0_Handler 00000014

Symbol: INT_TX_ARC0_Handler
   Definitions
      At line 342 in file src\startup_1986ve8t.s
   Uses
      At line 148 in file src\startup_1986ve8t.s
      At line 275 in file src\startup_1986ve8t.s

INT_TX_ARC1_Handler 00000014

Symbol: INT_TX_ARC1_Handler
   Definitions
      At line 344 in file src\startup_1986ve8t.s
   Uses
      At line 150 in file src\startup_1986ve8t.s
      At line 277 in file src\startup_1986ve8t.s

INT_UART0_Handler 00000014

Symbol: INT_UART0_Handler
   Definitions
      At line 336 in file src\startup_1986ve8t.s
   Uses
      At line 142 in file src\startup_1986ve8t.s
      At line 269 in file src\startup_1986ve8t.s

INT_UART1_Handler 00000014

Symbol: INT_UART1_Handler
   Definitions
      At line 337 in file src\startup_1986ve8t.s
   Uses
      At line 143 in file src\startup_1986ve8t.s
      At line 270 in file src\startup_1986ve8t.s

INT_UART2_Handler 00000014




ARM Macro Assembler    Page 10 Alphabetic symbol ordering
Relocatable symbols

Symbol: INT_UART2_Handler
   Definitions
      At line 338 in file src\startup_1986ve8t.s
   Uses
      At line 144 in file src\startup_1986ve8t.s
      At line 271 in file src\startup_1986ve8t.s

INT_UART3_Handler 00000014

Symbol: INT_UART3_Handler
   Definitions
      At line 339 in file src\startup_1986ve8t.s
   Uses
      At line 145 in file src\startup_1986ve8t.s
      At line 272 in file src\startup_1986ve8t.s

INT_USB_Handler 00000014

Symbol: INT_USB_Handler
   Definitions
      At line 340 in file src\startup_1986ve8t.s
   Uses
      At line 146 in file src\startup_1986ve8t.s
      At line 273 in file src\startup_1986ve8t.s

IRQ_PORTA_Handler 00000014

Symbol: IRQ_PORTA_Handler
   Definitions
      At line 311 in file src\startup_1986ve8t.s
   Uses
      At line 117 in file src\startup_1986ve8t.s
      At line 244 in file src\startup_1986ve8t.s

IRQ_PORTB_Handler 00000014

Symbol: IRQ_PORTB_Handler
   Definitions
      At line 312 in file src\startup_1986ve8t.s
   Uses
      At line 118 in file src\startup_1986ve8t.s
      At line 245 in file src\startup_1986ve8t.s

IRQ_PORTC_Handler 00000014

Symbol: IRQ_PORTC_Handler
   Definitions
      At line 313 in file src\startup_1986ve8t.s
   Uses
      At line 119 in file src\startup_1986ve8t.s
      At line 246 in file src\startup_1986ve8t.s

IRQ_PORTD_Handler 00000014

Symbol: IRQ_PORTD_Handler
   Definitions
      At line 314 in file src\startup_1986ve8t.s
   Uses
      At line 120 in file src\startup_1986ve8t.s



ARM Macro Assembler    Page 11 Alphabetic symbol ordering
Relocatable symbols

      At line 247 in file src\startup_1986ve8t.s

IRQ_PORTE_Handler 00000014

Symbol: IRQ_PORTE_Handler
   Definitions
      At line 315 in file src\startup_1986ve8t.s
   Uses
      At line 121 in file src\startup_1986ve8t.s
      At line 248 in file src\startup_1986ve8t.s

IRQ_PORTF_Handler 00000014

Symbol: IRQ_PORTF_Handler
   Definitions
      At line 316 in file src\startup_1986ve8t.s
   Uses
      At line 122 in file src\startup_1986ve8t.s
      At line 249 in file src\startup_1986ve8t.s

MemoryMngFault_Handler 00000008

Symbol: MemoryMngFault_Handler
   Definitions
      At line 189 in file src\startup_1986ve8t.s
   Uses
      At line 22 in file src\startup_1986ve8t.s
      At line 190 in file src\startup_1986ve8t.s

NMI_Handler 00000004

Symbol: NMI_Handler
   Definitions
      At line 179 in file src\startup_1986ve8t.s
   Uses
      At line 20 in file src\startup_1986ve8t.s
      At line 180 in file src\startup_1986ve8t.s

PVD_IF_Handler 00000014

Symbol: PVD_IF_Handler
   Definitions
      At line 293 in file src\startup_1986ve8t.s
   Uses
      At line 71 in file src\startup_1986ve8t.s
      At line 226 in file src\startup_1986ve8t.s

PendSV_Handler 00000010

Symbol: PendSV_Handler
   Definitions
      At line 209 in file src\startup_1986ve8t.s
   Uses
      At line 32 in file src\startup_1986ve8t.s
      At line 210 in file src\startup_1986ve8t.s

RTC_IF_Handler 00000014

Symbol: RTC_IF_Handler



ARM Macro Assembler    Page 12 Alphabetic symbol ordering
Relocatable symbols

   Definitions
      At line 294 in file src\startup_1986ve8t.s
   Uses
      At line 72 in file src\startup_1986ve8t.s
      At line 227 in file src\startup_1986ve8t.s

Reset_Handler 00000000

Symbol: Reset_Handler
   Definitions
      At line 169 in file src\startup_1986ve8t.s
   Uses
      At line 19 in file src\startup_1986ve8t.s
      At line 170 in file src\startup_1986ve8t.s

SVCall_Handler 0000000E

Symbol: SVCall_Handler
   Definitions
      At line 204 in file src\startup_1986ve8t.s
   Uses
      At line 29 in file src\startup_1986ve8t.s
      At line 205 in file src\startup_1986ve8t.s

Systick_Handler 00000012

Symbol: Systick_Handler
   Definitions
      At line 214 in file src\startup_1986ve8t.s
   Uses
      At line 33 in file src\startup_1986ve8t.s
      At line 215 in file src\startup_1986ve8t.s

UsageFault_Handler 0000000C

Symbol: UsageFault_Handler
   Definitions
      At line 199 in file src\startup_1986ve8t.s
   Uses
      At line 24 in file src\startup_1986ve8t.s
      At line 200 in file src\startup_1986ve8t.s

77 symbols



ARM Macro Assembler    Page 1 Alphabetic symbol ordering
Absolute symbols

Stack_Size 00000400

Symbol: Stack_Size
   Definitions
      At line 2 in file src\startup_1986ve8t.s
   Uses
      At line 5 in file src\startup_1986ve8t.s
Comment: Stack_Size used once
__Vectors_Size 00000238

Symbol: __Vectors_Size
   Definitions
      At line 162 in file src\startup_1986ve8t.s
   Uses
      At line 16 in file src\startup_1986ve8t.s
Comment: __Vectors_Size used once
2 symbols



ARM Macro Assembler    Page 1 Alphabetic symbol ordering
External symbols

__main 00000000

Symbol: __main
   Definitions
      At line 171 in file src\startup_1986ve8t.s
   Uses
      At line 172 in file src\startup_1986ve8t.s
Comment: __main used once
1 symbol
421 symbols in table
